This file contains any messages produced by compilers while
running configure, to aid debugging if configure makes a mistake.

It was created by libenet configure 7-18-2005, which was
generated by GNU Autoconf 2.59.  Invocation command line was

  $ ./configure 

## --------- ##
## Platform. ##
## --------- ##

hostname = neulinux
uname -m = x86_64
uname -r = 4.15.0-33-generic
uname -s = Linux
uname -v = #36~16.04.1-Ubuntu SMP Wed Aug 15 17:21:05 UTC 2018

/usr/bin/uname -p = unknown
/bin/uname -X     = unknown

/bin/arch              = unknown
/usr/bin/arch -k       = unknown
/usr/convex/getsysinfo = unknown
hostinfo               = unknown
/bin/machine           = unknown
/usr/bin/oslevel       = unknown
/bin/universe          = unknown

PATH: /home/simon/apps/go/bin
PATH: /home/simon/bin
PATH: /home/simon/.local/bin
PATH: /usr/local/sbin
PATH: /usr/local/bin
PATH: /usr/sbin
PATH: /usr/bin
PATH: /sbin
PATH: /bin
PATH: /usr/games
PATH: /usr/local/games


## ----------- ##
## Core tests. ##
## ----------- ##

configure:1311: checking for a BSD-compatible install
configure:1366: result: /usr/bin/install -c
configure:1377: checking whether build environment is sane
configure:1420: result: yes
configure:1444: WARNING: `missing' script is too old or missing
configure:1485: checking for gawk
configure:1501: found /usr/bin/gawk
configure:1511: result: gawk
configure:1521: checking whether make sets $(MAKE)
configure:1541: result: yes
configure:1756: checking for gcc
configure:1772: found /usr/bin/gcc
configure:1782: result: gcc
configure:2026: checking for C compiler version
configure:2029: gcc --version </dev/null >&5
gcc (Ubuntu 5.4.0-6ubuntu1~16.04.11) 5.4.0 20160609
Copyright (C) 2015 Free Software Foundation, Inc.
This is free software; see the source for copying conditions.  There is NO
warranty; not even for MERCHANTABILITY or FITNESS FOR A PARTICULAR PURPOSE.

configure:2032: $? = 0
configure:2034: gcc -v </dev/null >&5
Using built-in specs.
COLLECT_GCC=gcc
COLLECT_LTO_WRAPPER=/usr/lib/gcc/x86_64-linux-gnu/5/lto-wrapper
Target: x86_64-linux-gnu
Configured with: ../src/configure -v --with-pkgversion='Ubuntu 5.4.0-6ubuntu1~16.04.11' --with-bugurl=file:///usr/share/doc/gcc-5/README.Bugs --enable-languages=c,ada,c++,java,go,d,fortran,objc,obj-c++ --prefix=/usr --program-suffix=-5 --enable-shared --enable-linker-build-id --libexecdir=/usr/lib --without-included-gettext --enable-threads=posix --libdir=/usr/lib --enable-nls --with-sysroot=/ --enable-clocale=gnu --enable-libstdcxx-debug --enable-libstdcxx-time=yes --with-default-libstdcxx-abi=new --enable-gnu-unique-object --disable-vtable-verify --enable-libmpx --enable-plugin --with-system-zlib --disable-browser-plugin --enable-java-awt=gtk --enable-gtk-cairo --with-java-home=/usr/lib/jvm/java-1.5.0-gcj-5-amd64/jre --enable-java-home --with-jvm-root-dir=/usr/lib/jvm/java-1.5.0-gcj-5-amd64 --with-jvm-jar-dir=/usr/lib/jvm-exports/java-1.5.0-gcj-5-amd64 --with-arch-directory=amd64 --with-ecj-jar=/usr/share/java/eclipse-ecj.jar --enable-objc-gc --enable-multiarch --disable-werror --with-arch-32=i686 --with-abi=m64 --with-multilib-list=m32,m64,mx32 --enable-multilib --with-tune=generic --enable-checking=release --build=x86_64-linux-gnu --host=x86_64-linux-gnu --target=x86_64-linux-gnu
Thread model: posix
gcc version 5.4.0 20160609 (Ubuntu 5.4.0-6ubuntu1~16.04.11) 
configure:2037: $? = 0
configure:2039: gcc -V </dev/null >&5
gcc: error: unrecognized command line option '-V'
gcc: fatal error: no input files
compilation terminated.
configure:2042: $? = 1
configure:2065: checking for C compiler default output file name
configure:2068: gcc    conftest.c  >&5
configure:2071: $? = 0
configure:2117: result: a.out
configure:2122: checking whether the C compiler works
configure:2128: ./a.out
configure:2131: $? = 0
configure:2148: result: yes
configure:2155: checking whether we are cross compiling
configure:2157: result: no
configure:2160: checking for suffix of executables
configure:2162: gcc -o conftest    conftest.c  >&5
configure:2165: $? = 0
configure:2190: result: 
configure:2196: checking for suffix of object files
configure:2217: gcc -c   conftest.c >&5
configure:2220: $? = 0
configure:2242: result: o
configure:2246: checking whether we are using the GNU C compiler
configure:2270: gcc -c   conftest.c >&5
configure:2276: $? = 0
configure:2279: test -z 			 || test ! -s conftest.err
configure:2282: $? = 0
configure:2285: test -s conftest.o
configure:2288: $? = 0
configure:2301: result: yes
configure:2307: checking whether gcc accepts -g
configure:2328: gcc -c -g  conftest.c >&5
configure:2334: $? = 0
configure:2337: test -z 			 || test ! -s conftest.err
configure:2340: $? = 0
configure:2343: test -s conftest.o
configure:2346: $? = 0
configure:2357: result: yes
configure:2374: checking for gcc option to accept ANSI C
configure:2444: gcc  -c -g -O2  conftest.c >&5
configure:2450: $? = 0
configure:2453: test -z 			 || test ! -s conftest.err
configure:2456: $? = 0
configure:2459: test -s conftest.o
configure:2462: $? = 0
configure:2480: result: none needed
configure:2498: gcc -c -g -O2  conftest.c >&5
conftest.c:2:3: error: unknown type name 'choke'
   choke me
   ^
conftest.c:2:3: error: expected '=', ',', ';', 'asm' or '__attribute__' at end of input
configure:2504: $? = 1
configure: failed program was:
| #ifndef __cplusplus
|   choke me
| #endif
configure:2645: checking for style of include used by make
configure:2673: result: GNU
configure:2701: checking dependency style of gcc
configure:2791: result: gcc3
configure:2849: checking for ranlib
configure:2865: found /usr/bin/ranlib
configure:2876: result: ranlib
configure:2890: checking for gethostbyaddr_r
configure:2947: gcc -o conftest -g -O2   conftest.c  >&5
configure:2953: $? = 0
configure:2956: test -z 			 || test ! -s conftest.err
configure:2959: $? = 0
configure:2962: test -s conftest
configure:2965: $? = 0
configure:2977: result: yes
configure:2986: checking for gethostbyname_r
configure:3043: gcc -o conftest -g -O2   conftest.c  >&5
configure:3049: $? = 0
configure:3052: test -z 			 || test ! -s conftest.err
configure:3055: $? = 0
configure:3058: test -s conftest
configure:3061: $? = 0
configure:3073: result: yes
configure:3082: checking for poll
configure:3139: gcc -o conftest -g -O2   conftest.c  >&5
configure:3145: $? = 0
configure:3148: test -z 			 || test ! -s conftest.err
configure:3151: $? = 0
configure:3154: test -s conftest
configure:3157: $? = 0
configure:3169: result: yes
configure:3178: checking for fcntl
configure:3235: gcc -o conftest -g -O2   conftest.c  >&5
configure:3241: $? = 0
configure:3244: test -z 			 || test ! -s conftest.err
configure:3247: $? = 0
configure:3250: test -s conftest
configure:3253: $? = 0
configure:3265: result: yes
configure:3275: checking for struct msghdr.msg_flags
configure:3299: gcc -c -g -O2  conftest.c >&5
configure:3305: $? = 0
configure:3308: test -z 			 || test ! -s conftest.err
configure:3311: $? = 0
configure:3314: test -s conftest.o
configure:3317: $? = 0
configure:3374: result: yes
configure:3384: checking for socklen_t
configure:3411: gcc -c -g -O2  conftest.c >&5
configure:3417: $? = 0
configure:3420: test -z 			 || test ! -s conftest.err
configure:3423: $? = 0
configure:3426: test -s conftest.o
configure:3429: $? = 0
configure:3440: result: yes
configure:3455: checking how to run the C preprocessor
configure:3490: gcc -E  conftest.c
configure:3496: $? = 0
configure:3528: gcc -E  conftest.c
conftest.c:17:28: fatal error: ac_nonexistent.h: No such file or directory
compilation terminated.
configure:3534: $? = 1
configure: failed program was:
| /* confdefs.h.  */
| 
| #define PACKAGE_NAME "libenet"
| #define PACKAGE_TARNAME "libenet"
| #define PACKAGE_VERSION "7-18-2005"
| #define PACKAGE_STRING "libenet 7-18-2005"
| #define PACKAGE_BUGREPORT ""
| #define PACKAGE "libenet.a"
| #define VERSION "7-18-2005"
| #define HAS_GETHOSTBYADDR_R 1
| #define HAS_GETHOSTBYNAME_R 1
| #define HAS_POLL 1
| #define HAS_FCNTL 1
| #define HAS_MSGHDR_FLAGS 1
| #define HAS_SOCKLEN_T 1
| /* end confdefs.h.  */
| #include <ac_nonexistent.h>
configure:3573: result: gcc -E
configure:3597: gcc -E  conftest.c
configure:3603: $? = 0
configure:3635: gcc -E  conftest.c
conftest.c:17:28: fatal error: ac_nonexistent.h: No such file or directory
compilation terminated.
configure:3641: $? = 1
configure: failed program was:
| /* confdefs.h.  */
| 
| #define PACKAGE_NAME "libenet"
| #define PACKAGE_TARNAME "libenet"
| #define PACKAGE_VERSION "7-18-2005"
| #define PACKAGE_STRING "libenet 7-18-2005"
| #define PACKAGE_BUGREPORT ""
| #define PACKAGE "libenet.a"
| #define VERSION "7-18-2005"
| #define HAS_GETHOSTBYADDR_R 1
| #define HAS_GETHOSTBYNAME_R 1
| #define HAS_POLL 1
| #define HAS_FCNTL 1
| #define HAS_MSGHDR_FLAGS 1
| #define HAS_SOCKLEN_T 1
| /* end confdefs.h.  */
| #include <ac_nonexistent.h>
configure:3685: checking for egrep
configure:3695: result: grep -E
conftest.c:17:37: fatal error: /usr/include/sys/socket.h: No such file or directory
compilation terminated.
conftest.c:17:20: fatal error: socket.h: No such file or directory
compilation terminated.
configure:3878: creating ./config.status

## ---------------------- ##
## Running config.status. ##
## ---------------------- ##

This file was extended by libenet config.status 7-18-2005, which was
generated by GNU Autoconf 2.59.  Invocation command line was

  CONFIG_FILES    = 
  CONFIG_HEADERS  = 
  CONFIG_LINKS    = 
  CONFIG_COMMANDS = 
  $ ./config.status 

on neulinux

config.status:724: creating Makefile
config.status:724: creating include/Makefile
config.status:724: creating include/enet/Makefile
config.status:869: executing depfiles commands

## ---------------- ##
## Cache variables. ##
## ---------------- ##

ac_cv_c_compiler_gnu=yes
ac_cv_env_CC_set=
ac_cv_env_CC_value=
ac_cv_env_CFLAGS_set=
ac_cv_env_CFLAGS_value=
ac_cv_env_CPPFLAGS_set=
ac_cv_env_CPPFLAGS_value=
ac_cv_env_CPP_set=
ac_cv_env_CPP_value=
ac_cv_env_LDFLAGS_set=
ac_cv_env_LDFLAGS_value=
ac_cv_env_build_alias_set=
ac_cv_env_build_alias_value=
ac_cv_env_host_alias_set=
ac_cv_env_host_alias_value=
ac_cv_env_target_alias_set=
ac_cv_env_target_alias_value=
ac_cv_exeext=
ac_cv_func_fcntl=yes
ac_cv_func_gethostbyaddr_r=yes
ac_cv_func_gethostbyname_r=yes
ac_cv_func_poll=yes
ac_cv_member_struct_msghdr_msg_flags=yes
ac_cv_objext=o
ac_cv_path_install='/usr/bin/install -c'
ac_cv_prog_AWK=gawk
ac_cv_prog_CPP='gcc -E'
ac_cv_prog_ac_ct_CC=gcc
ac_cv_prog_ac_ct_RANLIB=ranlib
ac_cv_prog_cc_g=yes
ac_cv_prog_cc_stdc=
ac_cv_prog_egrep='grep -E'
ac_cv_prog_make_make_set=yes
ac_cv_type_socklen_t=yes
am_cv_CC_dependencies_compiler_type=gcc3

## ----------------- ##
## Output variables. ##
## ----------------- ##

ACLOCAL='aclocal-1.9'
AMDEPBACKSLASH='\'
AMDEP_FALSE='#'
AMDEP_TRUE=''
AMTAR='tar'
AUTOCONF='autoconf'
AUTOHEADER='autoheader'
AUTOMAKE='automake-1.9'
AWK='gawk'
CC='gcc'
CCDEPMODE='depmode=gcc3'
CFLAGS='-g -O2'
CPP='gcc -E'
CPPFLAGS=''
CYGPATH_W='echo'
DEFS='-DPACKAGE_NAME=\"libenet\" -DPACKAGE_TARNAME=\"libenet\" -DPACKAGE_VERSION=\"7-18-2005\" -DPACKAGE_STRING=\"libenet\ 7-18-2005\" -DPACKAGE_BUGREPORT=\"\" -DPACKAGE=\"libenet.a\" -DVERSION=\"7-18-2005\" -DHAS_GETHOSTBYADDR_R=1 -DHAS_GETHOSTBYNAME_R=1 -DHAS_POLL=1 -DHAS_FCNTL=1 -DHAS_MSGHDR_FLAGS=1 -DHAS_SOCKLEN_T=1 '
DEPDIR='.deps'
ECHO_C=''
ECHO_N='-n'
ECHO_T=''
EGREP='grep -E'
EXEEXT=''
INSTALL_DATA='${INSTALL} -m 644'
INSTALL_PROGRAM='${INSTALL}'
INSTALL_SCRIPT='${INSTALL}'
INSTALL_STRIP_PROGRAM='${SHELL} $(install_sh) -c -s'
LDFLAGS=''
LIBOBJS=''
LIBS=''
LTLIBOBJS=''
MAKEINFO='makeinfo'
OBJEXT='o'
PACKAGE='libenet.a'
PACKAGE_BUGREPORT=''
PACKAGE_NAME='libenet'
PACKAGE_STRING='libenet 7-18-2005'
PACKAGE_TARNAME='libenet'
PACKAGE_VERSION='7-18-2005'
PATH_SEPARATOR=':'
RANLIB='ranlib'
SET_MAKE=''
SHELL='/bin/bash'
STRIP=''
VERSION='7-18-2005'
ac_ct_CC='gcc'
ac_ct_RANLIB='ranlib'
ac_ct_STRIP=''
am__fastdepCC_FALSE='#'
am__fastdepCC_TRUE=''
am__include='include'
am__leading_dot='.'
am__quote=''
am__tar='${AMTAR} chof - "$$tardir"'
am__untar='${AMTAR} xf -'
bindir='${exec_prefix}/bin'
build_alias=''
datadir='${prefix}/share'
exec_prefix='${prefix}'
host_alias=''
includedir='${prefix}/include'
infodir='${prefix}/info'
install_sh='/home/simon/devel/cpp-gd2/cube_source/enet/install-sh'
libdir='${exec_prefix}/lib'
libexecdir='${exec_prefix}/libexec'
localstatedir='${prefix}/var'
mandir='${prefix}/man'
mkdir_p='mkdir -p --'
oldincludedir='/usr/include'
prefix='/usr/local'
program_transform_name='s,x,x,'
sbindir='${exec_prefix}/sbin'
sharedstatedir='${prefix}/com'
sysconfdir='${prefix}/etc'
target_alias=''

## ----------- ##
## confdefs.h. ##
## ----------- ##

#define HAS_FCNTL 1
#define HAS_GETHOSTBYADDR_R 1
#define HAS_GETHOSTBYNAME_R 1
#define HAS_MSGHDR_FLAGS 1
#define HAS_POLL 1
#define HAS_SOCKLEN_T 1
#define PACKAGE "libenet.a"
#define PACKAGE_BUGREPORT ""
#define PACKAGE_NAME "libenet"
#define PACKAGE_STRING "libenet 7-18-2005"
#define PACKAGE_TARNAME "libenet"
#define PACKAGE_VERSION "7-18-2005"
#define VERSION "7-18-2005"

configure: exit 0
